<?xml version="1.0" encoding="UTF-8"?>
<!-- Generated by org.testng.reporters.JUnitReportReporter -->
<testsuite skipped="0" hostname="DESKTOP-II4GI5H" name="MiscTests" tests="2" failures="0" timestamp="21 Feb 2021 22:56:36 GMT" time="1.205" errors="0">
  <testcase name="ATest_PING_ENDPOINT" time="0.618" classname="MiscTests"/>
  <testcase name="BTest_HomePage_Response" time="0.587" classname="MiscTests"/>
</testsuite> <!-- MiscTests -->
