<?xml version="1.0" encoding="UTF-8"?>
<!-- Generated by org.testng.reporters.JUnitReportReporter -->
<testsuite skipped="0" hostname="DESKTOP-II4GI5H" name="PostTests" tests="14" failures="0" timestamp="07 Mar 2021 20:20:38 GMT" time="14.762" errors="0">
  <testcase name="MTest_Delete_Post_Fails" time="1.307" classname="PostTests"/>
  <testcase name="ATest_Create_Post_success" time="1.400" classname="PostTests"/>
  <testcase name="FTest_Show_Post_FailBySecurity" time="0.607" classname="PostTests"/>
  <testcase name="ITest_Edit_Post_success" time="1.283" classname="PostTests"/>
  <testcase name="JTest_Edit_Post_Fails" time="1.225" classname="PostTests"/>
  <testcase name="GTest_ShowAll_Posts_Success" time="1.392" classname="PostTests"/>
  <testcase name="CTest_Create_Post_FailBySecurity" time="0.490" classname="PostTests"/>
  <testcase name="KTest_Edit_Post_FailBySecurity" time="0.615" classname="PostTests"/>
  <testcase name="DTest_Show_Post_success" time="1.360" classname="PostTests"/>
  <testcase name="LTest_Delete_Post_success" time="1.236" classname="PostTests"/>
  <testcase name="NTest_Delete_Post_FailBySecurity" time="0.588" classname="PostTests"/>
  <testcase name="ETest_Show_Post_Fails" time="1.291" classname="PostTests"/>
  <testcase name="HTest_ShowAll_Posts_FailBySecurity" time="0.580" classname="PostTests"/>
  <testcase name="BTest_Create_Post_Fails" time="1.388" classname="PostTests"/>
</testsuite> <!-- PostTests -->
