<?xml version="1.0" encoding="UTF-8"?>
<!-- Generated by org.testng.reporters.JUnitReportReporter -->
<testsuite skipped="0" hostname="DESKTOP-II4GI5H" name="UserTests" tests="3" failures="0" timestamp="22 Feb 2021 06:17:30 GMT" time="6.900" errors="0">
  <testcase name="Test_Create_User_Successful" time="1.997" classname="UserTests"/>
  <testcase name="Test_login_User_Successful" time="0.821" classname="UserTests"/>
  <testcase name="NegativeTest_Creating_User_Already_Exist" time="4.082" classname="UserTests"/>
</testsuite> <!-- UserTests -->
