<?xml version="1.0" encoding="UTF-8"?>
<!-- Generated by org.testng.reporters.JUnitReportReporter -->
<testsuite skipped="0" hostname="DESKTOP-II4GI5H" name="MiscTests" tests="2" failures="0" timestamp="22 Feb 2021 06:17:30 GMT" time="1.197" errors="0">
  <testcase name="ATest_PING_ENDPOINT" time="0.617" classname="MiscTests"/>
  <testcase name="BTest_HomePage_Response" time="0.580" classname="MiscTests"/>
</testsuite> <!-- MiscTests -->
