<?xml version="1.0" encoding="UTF-8"?>
<!-- Generated by org.testng.reporters.JUnitReportReporter -->
<testsuite skipped="0" hostname="DESKTOP-II4GI5H" name="UserTests" tests="4" failures="0" timestamp="07 Mar 2021 20:20:38 GMT" time="7.532" errors="0">
  <testcase name="CTest_login_User_Successful" time="0.794" classname="UserTests"/>
  <testcase name="ATest_Create_User_Successful" time="4.653" classname="UserTests"/>
  <testcase name="DTest_logOut_User_Successful" time="1.402" classname="UserTests"/>
  <testcase name="BNegativeTest_Creating_User_Already_Exist" time="0.683" classname="UserTests"/>
</testsuite> <!-- UserTests -->
