<?xml version="1.0" encoding="UTF-8"?>
<!-- Generated by org.testng.reporters.JUnitReportReporter -->
<testsuite skipped="0" hostname="DESKTOP-II4GI5H" name="MiscTests" tests="2" failures="0" timestamp="03 Mar 2021 00:48:41 GMT" time="1.931" errors="0">
  <testcase name="ATest_PING_ENDPOINT" time="1.034" classname="MiscTests"/>
  <testcase name="BTest_HomePage_Response" time="0.897" classname="MiscTests"/>
</testsuite> <!-- MiscTests -->
