<?xml version="1.0" encoding="UTF-8"?>
<!-- Generated by org.testng.reporters.JUnitReportReporter -->
<testsuite skipped="0" hostname="DESKTOP-II4GI5H" name="ArticleTests" tests="6" failures="0" timestamp="28 Feb 2021 17:16:02 GMT" time="8.003" errors="0">
  <testcase name="Test_Create_Article_success" time="1.298" classname="ArticleTests"/>
  <testcase name="Test_Show_Article_success" time="1.313" classname="ArticleTests"/>
  <testcase name="Test_InvalidToken_Cant_Create_New_Article" time="0.609" classname="ArticleTests"/>
  <testcase name="Test_Show_All_Articles_success" time="1.360" classname="ArticleTests"/>
  <testcase name="Test_Articles_Schema" time="2.095" classname="ArticleTests"/>
  <testcase name="Z_Test_Delete_Article_success" time="1.328" classname="ArticleTests"/>
</testsuite> <!-- ArticleTests -->
