<?xml version="1.0" encoding="UTF-8"?>
<!-- Generated by org.testng.reporters.JUnitReportReporter -->
<testsuite skipped="0" hostname="DESKTOP-II4GI5H" name="PostTests" tests="14" failures="0" timestamp="07 Mar 2021 23:34:07 GMT" time="18.331" errors="0">
  <testcase name="BTest_Create_Post_Fails" time="1.563" classname="PostTests"/>
  <testcase name="ITest_Edit_Post_success" time="1.819" classname="PostTests"/>
  <testcase name="MTest_Delete_Post_Fails" time="1.515" classname="PostTests"/>
  <testcase name="CTest_Create_Post_FailBySecurity" time="0.561" classname="PostTests"/>
  <testcase name="ETest_Show_Post_Fails" time="1.632" classname="PostTests"/>
  <testcase name="LTest_Delete_Post_success" time="1.467" classname="PostTests"/>
  <testcase name="HTest_ShowAll_Posts_FailBySecurity" time="0.610" classname="PostTests"/>
  <testcase name="DTest_Show_Post_success" time="1.566" classname="PostTests"/>
  <testcase name="JTest_Edit_Post_Fails" time="1.239" classname="PostTests"/>
  <testcase name="NTest_Delete_Post_FailBySecurity" time="0.651" classname="PostTests"/>
  <testcase name="FTest_Show_Post_FailBySecurity" time="0.534" classname="PostTests"/>
  <testcase name="GTest_ShowAll_Posts_Success" time="1.388" classname="PostTests"/>
  <testcase name="ATest_Create_Post_success" time="1.460" classname="PostTests"/>
  <testcase name="KTest_Edit_Post_FailBySecurity" time="2.326" classname="PostTests"/>
</testsuite> <!-- PostTests -->
