<?xml version="1.0" encoding="UTF-8"?>
<!-- Generated by org.testng.reporters.JUnitReportReporter -->
<testsuite skipped="0" hostname="DESKTOP-II4GI5H" name="PostTests" tests="15" failures="0" timestamp="03 Mar 2021 00:48:41 GMT" time="16.442" errors="0">
  <testcase name="GTest_ShowAll_Posts_Success" time="1.335" classname="PostTests"/>
  <testcase name="JTest_Edit_Post_success" time="1.320" classname="PostTests"/>
  <testcase name="CTest_Create_Post_FailBySecurity" time="0.620" classname="PostTests"/>
  <testcase name="OTest_Delete_Post_FailBySecurity" time="0.585" classname="PostTests"/>
  <testcase name="ETest_Show_Post_Fails" time="1.415" classname="PostTests"/>
  <testcase name="LTest_Edit_Post_FailBySecurity" time="0.625" classname="PostTests"/>
  <testcase name="ATest_Create_Post_success" time="1.267" classname="PostTests"/>
  <testcase name="DTest_Show_Post_success" time="1.420" classname="PostTests"/>
  <testcase name="MTest_Delete_Post_success" time="1.320" classname="PostTests"/>
  <testcase name="NTest_Delete_Post_Fails" time="1.320" classname="PostTests"/>
  <testcase name="FTest_Show_Post_FailBySecurity" time="0.775" classname="PostTests"/>
  <testcase name="HTest_ShowAll_Posts_Fails" time="1.197" classname="PostTests"/>
  <testcase name="ITest_ShowAll_Posts_FailBySecurity" time="0.593" classname="PostTests"/>
  <testcase name="KTest_Edit_Post_Fails" time="1.280" classname="PostTests"/>
  <testcase name="BTest_Create_Post_Fails" time="1.370" classname="PostTests"/>
</testsuite> <!-- PostTests -->
