<?xml version="1.0" encoding="UTF-8"?>
<!-- Generated by org.testng.reporters.JUnitReportReporter -->
<testsuite skipped="0" hostname="DESKTOP-II4GI5H" name="ArticleTests" tests="6" failures="0" timestamp="02 Mar 2021 02:29:02 GMT" time="7.732" errors="0">
  <testcase name="DTest_Show_All_Articles_success" time="1.290" classname="ArticleTests"/>
  <testcase name="ZTest_Delete_Article_success" time="1.278" classname="ArticleTests"/>
  <testcase name="BTest_InvalidToken_Cant_Create_New_Article" time="0.605" classname="ArticleTests"/>
  <testcase name="ETest_Articles_Schema" time="1.914" classname="ArticleTests"/>
  <testcase name="ATest_Create_Article_success" time="1.290" classname="ArticleTests"/>
  <testcase name="CTest_Show_Article_success" time="1.355" classname="ArticleTests"/>
</testsuite> <!-- ArticleTests -->
