<?xml version="1.0" encoding="UTF-8"?>
<!-- Generated by org.testng.reporters.JUnitReportReporter -->
<testsuite skipped="0" hostname="DESKTOP-II4GI5H" name="ArticleTests" tests="6" failures="0" timestamp="07 Mar 2021 23:34:07 GMT" time="8.966" errors="0">
  <testcase name="ZTest_Delete_Article_success" time="1.465" classname="ArticleTests"/>
  <testcase name="CTest_Show_Article_success" time="1.805" classname="ArticleTests"/>
  <testcase name="ATest_Create_Article_success" time="1.300" classname="ArticleTests"/>
  <testcase name="DTest_Show_All_Articles_success" time="1.679" classname="ArticleTests"/>
  <testcase name="BTest_InvalidToken_Cant_Create_New_Article" time="0.616" classname="ArticleTests"/>
  <testcase name="ETest_Articles_Schema" time="2.101" classname="ArticleTests"/>
</testsuite> <!-- ArticleTests -->
