<?xml version="1.0" encoding="UTF-8"?>
<!-- Generated by org.testng.reporters.JUnitReportReporter -->
<testsuite skipped="0" hostname="DESKTOP-II4GI5H" name="UserTests" tests="4" failures="0" timestamp="03 Mar 2021 00:48:41 GMT" time="8.798" errors="0">
  <testcase name="CTest_login_User_Successful" time="0.740" classname="UserTests"/>
  <testcase name="DTest_logOut_User_Successful" time="1.505" classname="UserTests"/>
  <testcase name="BNegativeTest_Creating_User_Already_Exist" time="0.580" classname="UserTests"/>
  <testcase name="ATest_Create_User_Successful" time="5.973" classname="UserTests"/>
</testsuite> <!-- UserTests -->
