<?xml version="1.0" encoding="UTF-8"?>
<!-- Generated by org.testng.reporters.JUnitReportReporter -->
<testsuite skipped="0" hostname="DESKTOP-II4GI5H" name="UserTests" tests="4" failures="0" timestamp="02 Mar 2021 02:29:02 GMT" time="7.766" errors="0">
  <testcase name="ATest_Create_User_Successful" time="5.045" classname="UserTests"/>
  <testcase name="CTest_login_User_Successful" time="0.769" classname="UserTests"/>
  <testcase name="BNegativeTest_Creating_User_Already_Exist" time="0.600" classname="UserTests"/>
  <testcase name="DTest_logOut_User_Successful" time="1.352" classname="UserTests"/>
</testsuite> <!-- UserTests -->
