<?xml version="1.0" encoding="UTF-8"?>
<!-- Generated by org.testng.reporters.JUnitReportReporter -->
<testsuite skipped="0" hostname="DESKTOP-II4GI5H" name="MiscTests" tests="2" failures="0" timestamp="07 Mar 2021 20:20:38 GMT" time="1.424" errors="0">
  <testcase name="BTest_HomePage_Response" time="0.762" classname="MiscTests"/>
  <testcase name="ATest_PING_ENDPOINT" time="0.662" classname="MiscTests"/>
</testsuite> <!-- MiscTests -->
