<?xml version="1.0" encoding="UTF-8"?>
<!-- Generated by org.testng.reporters.JUnitReportReporter -->
<testsuite skipped="0" hostname="DESKTOP-II4GI5H" name="UserTests" tests="3" failures="0" timestamp="28 Feb 2021 17:16:02 GMT" time="5.802" errors="0">
  <testcase name="Test_Create_User_Successful" time="0.677" classname="UserTests"/>
  <testcase name="NegativeTest_Creating_User_Already_Exist" time="4.359" classname="UserTests"/>
  <testcase name="Test_login_User_Successful" time="0.766" classname="UserTests"/>
</testsuite> <!-- UserTests -->
