<?xml version="1.0" encoding="UTF-8"?>
<!-- Generated by org.testng.reporters.JUnitReportReporter -->
<testsuite skipped="0" hostname="DESKTOP-II4GI5H" name="UserTests" tests="1" failures="0" timestamp="21 Feb 2021 22:56:36 GMT" time="5.376" errors="0">
  <testcase name="NegativeTest_Creating_User_Already_Exist" time="5.376" classname="UserTests"/>
</testsuite> <!-- UserTests -->
