<?xml version="1.0" encoding="UTF-8"?>
<!-- Generated by org.testng.reporters.JUnitReportReporter -->
<testsuite skipped="0" hostname="DESKTOP-II4GI5H" name="ArticleTests" tests="6" failures="0" timestamp="07 Mar 2021 20:20:38 GMT" time="8.177" errors="0">
  <testcase name="CTest_Show_Article_success" time="1.319" classname="ArticleTests"/>
  <testcase name="ATest_Create_Article_success" time="1.392" classname="ArticleTests"/>
  <testcase name="ZTest_Delete_Article_success" time="1.462" classname="ArticleTests"/>
  <testcase name="ETest_Articles_Schema" time="2.029" classname="ArticleTests"/>
  <testcase name="DTest_Show_All_Articles_success" time="1.303" classname="ArticleTests"/>
  <testcase name="BTest_InvalidToken_Cant_Create_New_Article" time="0.672" classname="ArticleTests"/>
</testsuite> <!-- ArticleTests -->
