<?xml version="1.0" encoding="UTF-8"?>
<!-- Generated by org.testng.reporters.JUnitReportReporter -->
<testsuite skipped="0" hostname="DESKTOP-II4GI5H" name="CommentsTest" tests="3" failures="0" timestamp="02 Mar 2021 02:29:02 GMT" time="2.215" errors="0">
  <testcase name="BTest_Create_Comment_FailbySecurity" time="0.741" classname="CommentsTest"/>
  <testcase name="ATest_Create_Comment_success" time="0.767" classname="CommentsTest"/>
  <testcase name="BTest_Create_Comment_Fails" time="0.707" classname="CommentsTest"/>
</testsuite> <!-- CommentsTest -->
