<?xml version="1.0" encoding="UTF-8"?>
<!-- Generated by org.testng.reporters.JUnitReportReporter -->
<testsuite skipped="0" hostname="DESKTOP-II4GI5H" name="MiscTests" tests="2" failures="0" timestamp="02 Mar 2021 02:29:02 GMT" time="1.469" errors="0">
  <testcase name="ATest_PING_ENDPOINT" time="0.718" classname="MiscTests"/>
  <testcase name="BTest_HomePage_Response" time="0.751" classname="MiscTests"/>
</testsuite> <!-- MiscTests -->
